This is pdfTeX, Version 3.141592653-2.6-1.40.22 (TeX Live 2021) (preloaded format=pdflatex 2021.6.23)  29 JUN 2022 20:53
entering extended mode
 restricted \write18 enabled.
 file:line:error style messages enabled.
 %&-line parsing enabled.
**/Users/sarlot/Desktop/Programming/GitHub/PulleySimulation/Presentation/final_project.tex
(/Users/sarlot/Desktop/Programming/GitHub/PulleySimulation/Presentation/final_project.tex
LaTeX2e <2020-10-01> patch level 4
L3 programming layer <2021-02-18> (/usr/local/texlive/2021/texmf-dist/tex/latex/base/book.cls
Document Class: book 2020/04/10 v1.4m Standard LaTeX document class
(/usr/local/texlive/2021/texmf-dist/tex/latex/base/bk12.clo
File: bk12.clo 2020/04/10 v1.4m Standard LaTeX file (size option)
)
\c@part=\count179
\c@chapter=\count180
\c@section=\count181
\c@subsection=\count182
\c@subsubsection=\count183
\c@paragraph=\count184
\c@subparagraph=\count185
\c@figure=\count186
\c@table=\count187
\abovecaptionskip=\skip47
\belowcaptionskip=\skip48
\bibindent=\dimen138
) (/Users/sarlot/Desktop/Programming/GitHub/PulleySimulation/Presentation/structure.sty (/usr/local/texlive/2021/texmf-dist/tex/latex/geometry/geometry.sty
Package: geometry 2020/01/02 v5.9 Page Geometry
 (/usr/local/texlive/2021/texmf-dist/tex/latex/graphics/keyval.sty
Package: keyval 2014/10/28 v1.15 key=value parser (DPC)
\KV@toks@=\toks15
) (/usr/local/texlive/2021/texmf-dist/tex/generic/iftex/ifvtex.sty
Package: ifvtex 2019/10/25 v1.7 ifvtex legacy package. Use iftex instead.
 (/usr/local/texlive/2021/texmf-dist/tex/generic/iftex/iftex.sty
Package: iftex 2020/03/06 v1.0d TeX engine tests
))
\Gm@cnth=\count188
\Gm@cntv=\count189
\c@Gm@tempcnt=\count190
\Gm@bindingoffset=\dimen139
\Gm@wd@mp=\dimen140
\Gm@odd@mp=\dimen141
\Gm@even@mp=\dimen142
\Gm@layoutwidth=\dimen143
\Gm@layoutheight=\dimen144
\Gm@layouthoffset=\dimen145
\Gm@layoutvoffset=\dimen146
\Gm@dimlist=\toks16
) (/usr/local/texlive/2021/texmf-dist/tex/latex/base/inputenc.sty
Package: inputenc 2020/08/01 v1.3d Input encoding file
\inpenc@prehook=\toks17
\inpenc@posthook=\toks18
) (/usr/local/texlive/2021/texmf-dist/tex/generic/babel/babel.sty
Package: babel 2021/03/24 3.56 The Babel package
 (/usr/local/texlive/2021/texmf-dist/tex/generic/babel/babel.def
File: babel.def 2021/03/24 3.56 Babel common definitions
\babel@savecnt=\count191
\U@D=\dimen147
\l@babelnohyphens=\language87
 (/usr/local/texlive/2021/texmf-dist/tex/generic/babel/txtbabel.def)
\bbl@readstream=\read2
)
\bbl@dirlevel=\count192
 (/usr/local/texlive/2021/texmf-dist/tex/generic/babel-czech/czech.ldf
Language: czech 2008/07/06 v3.1a Czech support from the babel system
Package babel Info: Making " an active character on input line 172.
\cs@wordlen=\count193
Package babel Info: Making - an active character on input line 226.
) (/usr/local/texlive/2021/texmf-dist/tex/generic/babel-english/english.ldf
Language: english 2017/06/06 v3.3r English support from the babel system
Package babel Info: \l@canadian = using hyphenrules for english
(babel)             (\language0) on input line 102.
Package babel Info: \l@australian = using hyphenrules for ukenglish
(babel)             (\language21) on input line 105.
Package babel Info: \l@newzealand = using hyphenrules for ukenglish
(babel)             (\language21) on input line 108.
)) (/usr/local/texlive/2021/texmf-dist/tex/latex/base/fontenc.sty
Package: fontenc 2020/08/10 v2.0s Standard LaTeX package
) (/usr/local/texlive/2021/texmf-dist/tex/latex/tools/verbatim.sty
Package: verbatim 2020-07-07 v1.5u LaTeX2e package for verbatim enhancements
\every@verbatim=\toks19
\verbatim@line=\toks20
\verbatim@in@stream=\read3
) (/usr/local/texlive/2021/texmf-dist/tex/latex/xcolor/xcolor.sty
Package: xcolor 2016/05/11 v2.12 LaTeX color extensions (UK)
 (/usr/local/texlive/2021/texmf-dist/tex/latex/graphics-cfg/color.cfg
File: color.cfg 2016/01/02 v1.6 sample color configuration
)
Package xcolor Info: Driver file: pdftex.def on input line 225.
 (/usr/local/texlive/2021/texmf-dist/tex/latex/graphics-def/pdftex.def
File: pdftex.def 2020/10/05 v1.2a Graphics/color driver for pdftex
)
Package xcolor Info: Model `cmy' substituted by `cmy0' on input line 1348.
Package xcolor Info: Model `hsb' substituted by `rgb' on input line 1352.
Package xcolor Info: Model `RGB' extended on input line 1364.
Package xcolor Info: Model `HTML' substituted by `rgb' on input line 1366.
Package xcolor Info: Model `Hsb' substituted by `hsb' on input line 1367.
Package xcolor Info: Model `tHsb' substituted by `hsb' on input line 1368.
Package xcolor Info: Model `HSB' substituted by `hsb' on input line 1369.
Package xcolor Info: Model `Gray' substituted by `gray' on input line 1370.
Package xcolor Info: Model `wave' substituted by `hsb' on input line 1371.
 (/usr/local/texlive/2021/texmf-dist/tex/latex/graphics/dvipsnam.def
File: dvipsnam.def 2016/06/17 v3.0m Driver-dependent file (DPC,SPQR)
)) (/usr/local/texlive/2021/texmf-dist/tex/latex/graphics/graphicx.sty
Package: graphicx 2020/09/09 v1.2b Enhanced LaTeX Graphics (DPC,SPQR)
 (/usr/local/texlive/2021/texmf-dist/tex/latex/graphics/graphics.sty
Package: graphics 2020/08/30 v1.4c Standard LaTeX Graphics (DPC,SPQR)
 (/usr/local/texlive/2021/texmf-dist/tex/latex/graphics/trig.sty
Package: trig 2016/01/03 v1.10 sin cos tan (DPC)
) (/usr/local/texlive/2021/texmf-dist/tex/latex/graphics-cfg/graphics.cfg
File: graphics.cfg 2016/06/04 v1.11 sample graphics configuration
)
Package graphics Info: Driver file: pdftex.def on input line 105.
)
\Gin@req@height=\dimen148
\Gin@req@width=\dimen149
) (/usr/local/texlive/2021/texmf-dist/tex/latex/caption/caption.sty
Package: caption 2020/10/26 v3.5g Customizing captions (AR)
 (/usr/local/texlive/2021/texmf-dist/tex/latex/caption/caption3.sty
Package: caption3 2020/10/21 v2.2e caption3 kernel (AR)
\captionmargin=\dimen150
\captionmargin@=\dimen151
\captionwidth=\dimen152
\caption@tempdima=\dimen153
\caption@indent=\dimen154
\caption@parindent=\dimen155
\caption@hangindent=\dimen156
Package caption Info: Standard document class detected.
)
\c@caption@flags=\count194
\c@continuedfloat=\count195
) (/usr/local/texlive/2021/texmf-dist/tex/latex/caption/subcaption.sty
Package: subcaption 2020/10/07 v1.3j Sub-captions (AR)
\c@subfigure=\count196
\c@subtable=\count197
) (/usr/local/texlive/2021/texmf-dist/tex/latex/tools/tabularx.sty
Package: tabularx 2020/01/15 v2.11c `tabularx' package (DPC)
 (/usr/local/texlive/2021/texmf-dist/tex/latex/tools/array.sty
Package: array 2020/10/01 v2.5c Tabular extension package (FMi)
\col@sep=\dimen157
\ar@mcellbox=\box47
\extrarowheight=\dimen158
\NC@list=\toks21
\extratabsurround=\skip49
\backup@length=\skip50
\ar@cellbox=\box48
)
\TX@col@width=\dimen159
\TX@old@table=\dimen160
\TX@old@col=\dimen161
\TX@target=\dimen162
\TX@delta=\dimen163
\TX@cols=\count198
\TX@ftn=\toks22
) (/usr/local/texlive/2021/texmf-dist/tex/latex/tools/calc.sty
Package: calc 2017/05/25 v4.3 Infix arithmetic (KKT,FJ)
\calc@Acount=\count199
\calc@Bcount=\count266
\calc@Adimen=\dimen164
\calc@Bdimen=\dimen165
\calc@Askip=\skip51
\calc@Bskip=\skip52
LaTeX Info: Redefining \setlength on input line 80.
LaTeX Info: Redefining \addtolength on input line 81.
\calc@Ccount=\count267
\calc@Cskip=\skip53
) (/usr/local/texlive/2021/texmf-dist/tex/latex/tools/longtable.sty
Package: longtable 2020/01/07 v4.13 Multi-page Table package (DPC)
\LTleft=\skip54
\LTright=\skip55
\LTpre=\skip56
\LTpost=\skip57
\LTchunksize=\count268
\LTcapwidth=\dimen166
\LT@head=\box49
\LT@firsthead=\box50
\LT@foot=\box51
\LT@lastfoot=\box52
\LT@cols=\count269
\LT@rows=\count270
\c@LT@tables=\count271
\c@LT@chunks=\count272
\LT@p@ftn=\toks23
) (/usr/local/texlive/2021/texmf-dist/tex/latex/multirow/multirow.sty
Package: multirow 2021/03/15 v2.8 Span multiple rows of a table
\multirow@colwidth=\skip58
\multirow@cntb=\count273
\multirow@dima=\skip59
\bigstrutjot=\dimen167
) (/usr/local/texlive/2021/texmf-dist/tex/latex/hyperref/hyperref.sty
Package: hyperref 2021-02-27 v7.00k Hypertext links for LaTeX
 (/usr/local/texlive/2021/texmf-dist/tex/generic/ltxcmds/ltxcmds.sty
Package: ltxcmds 2020-05-10 v1.25 LaTeX kernel commands for general use (HO)
) (/usr/local/texlive/2021/texmf-dist/tex/generic/pdftexcmds/pdftexcmds.sty
Package: pdftexcmds 2020-06-27 v0.33 Utility functions of pdfTeX for LuaTeX (HO)
 (/usr/local/texlive/2021/texmf-dist/tex/generic/infwarerr/infwarerr.sty
Package: infwarerr 2019/12/03 v1.5 Providing info/warning/error messages (HO)
)
Package pdftexcmds Info: \pdf@primitive is available.
Package pdftexcmds Info: \pdf@ifprimitive is available.
Package pdftexcmds Info: \pdfdraftmode found.
) (/usr/local/texlive/2021/texmf-dist/tex/generic/kvsetkeys/kvsetkeys.sty
Package: kvsetkeys 2019/12/15 v1.18 Key value parser (HO)
) (/usr/local/texlive/2021/texmf-dist/tex/generic/kvdefinekeys/kvdefinekeys.sty
Package: kvdefinekeys 2019-12-19 v1.6 Define keys (HO)
) (/usr/local/texlive/2021/texmf-dist/tex/generic/pdfescape/pdfescape.sty
Package: pdfescape 2019/12/09 v1.15 Implements pdfTeX's escape features (HO)
) (/usr/local/texlive/2021/texmf-dist/tex/latex/hycolor/hycolor.sty
Package: hycolor 2020-01-27 v1.10 Color options for hyperref/bookmark (HO)
) (/usr/local/texlive/2021/texmf-dist/tex/latex/letltxmacro/letltxmacro.sty
Package: letltxmacro 2019/12/03 v1.6 Let assignment for LaTeX macros (HO)
) (/usr/local/texlive/2021/texmf-dist/tex/latex/auxhook/auxhook.sty
Package: auxhook 2019-12-17 v1.6 Hooks for auxiliary files (HO)
) (/usr/local/texlive/2021/texmf-dist/tex/latex/kvoptions/kvoptions.sty
Package: kvoptions 2020-10-07 v3.14 Key value format for package options (HO)
)
\@linkdim=\dimen168
\Hy@linkcounter=\count274
\Hy@pagecounter=\count275
 (/usr/local/texlive/2021/texmf-dist/tex/latex/hyperref/pd1enc.def
File: pd1enc.def 2021-02-27 v7.00k Hyperref: PDFDocEncoding definition (HO)
Now handling font encoding PD1 ...
... no UTF-8 mapping file for font encoding PD1
) (/usr/local/texlive/2021/texmf-dist/tex/latex/hyperref/hyperref-langpatches.def
File: hyperref-langpatches.def 2021-02-27 v7.00k Hyperref: patches for babel languages
) (/usr/local/texlive/2021/texmf-dist/tex/generic/intcalc/intcalc.sty
Package: intcalc 2019/12/15 v1.3 Expandable calculations with integers (HO)
) (/usr/local/texlive/2021/texmf-dist/tex/generic/etexcmds/etexcmds.sty
Package: etexcmds 2019/12/15 v1.7 Avoid name clashes with e-TeX commands (HO)
)
\Hy@SavedSpaceFactor=\count276
 (/usr/local/texlive/2021/texmf-dist/tex/latex/hyperref/puenc.def
File: puenc.def 2021-02-27 v7.00k Hyperref: PDF Unicode definition (HO)
Now handling font encoding PU ...
... no UTF-8 mapping file for font encoding PU
)
Package hyperref Info: Hyper figures OFF on input line 4192.
Package hyperref Info: Link nesting OFF on input line 4197.
Package hyperref Info: Hyper index ON on input line 4200.
Package hyperref Info: Plain pages OFF on input line 4207.
Package hyperref Info: Backreferencing OFF on input line 4212.
Package hyperref Info: Implicit mode ON; LaTeX internals redefined.
Package hyperref Info: Bookmarks ON on input line 4445.
\c@Hy@tempcnt=\count277
 (/usr/local/texlive/2021/texmf-dist/tex/latex/url/url.sty
\Urlmuskip=\muskip16
Package: url 2013/09/16  ver 3.4  Verb mode for urls, etc.
)
LaTeX Info: Redefining \url on input line 4804.
\XeTeXLinkMargin=\dimen169
 (/usr/local/texlive/2021/texmf-dist/tex/generic/bitset/bitset.sty
Package: bitset 2019/12/09 v1.3 Handle bit-vector datatype (HO)
 (/usr/local/texlive/2021/texmf-dist/tex/generic/bigintcalc/bigintcalc.sty
Package: bigintcalc 2019/12/15 v1.5 Expandable calculations on big integers (HO)
))
\Fld@menulength=\count278
\Field@Width=\dimen170
\Fld@charsize=\dimen171
Package hyperref Info: Hyper figures OFF on input line 6075.
Package hyperref Info: Link nesting OFF on input line 6080.
Package hyperref Info: Hyper index ON on input line 6083.
Package hyperref Info: backreferencing OFF on input line 6090.
Package hyperref Info: Link coloring OFF on input line 6095.
Package hyperref Info: Link coloring with OCG OFF on input line 6100.
Package hyperref Info: PDF/A mode OFF on input line 6105.
LaTeX Info: Redefining \ref on input line 6145.
LaTeX Info: Redefining \pageref on input line 6149.
 (/usr/local/texlive/2021/texmf-dist/tex/latex/base/atbegshi-ltx.sty
Package: atbegshi-ltx 2020/08/17 v1.0a Emulation of the original atbegshi package
with kernel methods
)
\Hy@abspage=\count279
\c@Item=\count280
\c@Hfootnote=\count281
)
Package hyperref Info: Driver (autodetected): hpdftex.
 (/usr/local/texlive/2021/texmf-dist/tex/latex/hyperref/hpdftex.def
File: hpdftex.def 2021-02-27 v7.00k Hyperref driver for pdfTeX
 (/usr/local/texlive/2021/texmf-dist/tex/latex/base/atveryend-ltx.sty
Package: atveryend-ltx 2020/08/19 v1.0a Emulation of the original atvery package
with kernel methods
)
\Fld@listcount=\count282
\c@bookmark@seq@number=\count283
 (/usr/local/texlive/2021/texmf-dist/tex/latex/rerunfilecheck/rerunfilecheck.sty
Package: rerunfilecheck 2019/12/05 v1.9 Rerun checks for auxiliary files (HO)
 (/usr/local/texlive/2021/texmf-dist/tex/generic/uniquecounter/uniquecounter.sty
Package: uniquecounter 2019/12/15 v1.4 Provide unlimited unique counter (HO)
)
Package uniquecounter Info: New unique counter `rerunfilecheck' on input line 286.
)
\Hy@SectionHShift=\skip60
) (/usr/local/texlive/2021/texmf-dist/tex/latex/pdfpages/pdfpages.sty
Package: pdfpages 2021/03/06 v0.5t Insert pages of external PDF documents (AM)
 (/usr/local/texlive/2021/texmf-dist/tex/latex/base/ifthen.sty
Package: ifthen 2014/09/29 v1.1c Standard LaTeX ifthen package (DPC)
) (/usr/local/texlive/2021/texmf-dist/tex/latex/eso-pic/eso-pic.sty
Package: eso-pic 2020/10/14 v3.0a eso-pic (RN)
\ESO@tempdima=\dimen172
\ESO@tempdimb=\dimen173
)
\AM@pagewidth=\dimen174
\AM@pageheight=\dimen175
\AM@fboxrule=\dimen176
 (/usr/local/texlive/2021/texmf-dist/tex/latex/pdfpages/pppdftex.def
File: pppdftex.def 2021/03/06 v0.5t Pdfpages driver for pdfTeX (AM)
)
\pdfpages@includegraphics@status=\count284
\AM@pagebox=\box53
\AM@global@opts=\toks24
\AM@pagecnt=\count285
\AM@toc@title=\toks25
\c@AM@survey=\count286
\AM@templatesizebox=\box54
) (/usr/local/texlive/2021/texmf-dist/tex/latex/setspace/setspace.sty
Package: setspace 2011/12/19 v6.7a set line spacing
) (/usr/local/texlive/2021/texmf-dist/tex/latex/anyfontsize/anyfontsize.sty
Package: anyfontsize 2007/11/22 anyfontsize.sty by pts
) (/usr/local/texlive/2021/texmf-dist/tex/latex/titlesec/titlesec.sty
Package: titlesec 2019/10/16 v2.13 Sectioning titles
\ttl@box=\box55
\beforetitleunit=\skip61
\aftertitleunit=\skip62
\ttl@plus=\dimen177
\ttl@minus=\dimen178
\ttl@toksa=\toks26
\titlewidth=\dimen179
\titlewidthlast=\dimen180
\titlewidthfirst=\dimen181
) (/usr/local/texlive/2021/texmf-dist/tex/latex/tools/indentfirst.sty
Package: indentfirst 1995/11/23 v1.03 Indent first paragraph (DPC)
) (/usr/local/texlive/2021/texmf-dist/tex/latex/tocloft/tocloft.sty
Package: tocloft 2017/08/31 v2.3i parameterised ToC, etc., typesetting
Package tocloft Info: The document has chapter divisions on input line 51.
\cftparskip=\skip63
\cftbeforetoctitleskip=\skip64
\cftaftertoctitleskip=\skip65
\cftbeforepartskip=\skip66
\cftpartnumwidth=\skip67
\cftpartindent=\skip68
\cftbeforechapskip=\skip69
\cftchapindent=\skip70
\cftchapnumwidth=\skip71
\cftbeforesecskip=\skip72
\cftsecindent=\skip73
\cftsecnumwidth=\skip74
\cftbeforesubsecskip=\skip75
\cftsubsecindent=\skip76
\cftsubsecnumwidth=\skip77
\cftbeforesubsubsecskip=\skip78
\cftsubsubsecindent=\skip79
\cftsubsubsecnumwidth=\skip80
\cftbeforeparaskip=\skip81
\cftparaindent=\skip82
\cftparanumwidth=\skip83
\cftbeforesubparaskip=\skip84
\cftsubparaindent=\skip85
\cftsubparanumwidth=\skip86
\cftbeforeloftitleskip=\skip87
\cftafterloftitleskip=\skip88
\cftbeforefigskip=\skip89
\cftfigindent=\skip90
\cftfignumwidth=\skip91
\c@lofdepth=\count287
\c@lotdepth=\count288
\cftbeforelottitleskip=\skip92
\cftafterlottitleskip=\skip93
\cftbeforetabskip=\skip94
\cfttabindent=\skip95
\cfttabnumwidth=\skip96
) (/usr/local/texlive/2021/texmf-dist/tex/latex/enumitem/enumitem.sty
Package: enumitem 2019/06/20 v3.9 Customized lists
\labelindent=\skip97
\enit@outerparindent=\dimen182
\enit@toks=\toks27
\enit@inbox=\box56
\enit@count@id=\count289
\enitdp@description=\count290
) (/usr/local/texlive/2021/texmf-dist/tex/latex/textgreek/textgreek.sty
Package: textgreek 2011/10/09 v0.7 Greek symbols in text
Package textgreek Info: Loading the definitions for the Greek fontencoding. on input line 39.
 (/usr/local/texlive/2021/texmf-dist/tex/latex/greek-fontenc/lgrenc.def
File: lgrenc.def 2020/10/13 2.0 LGR Greek font encoding definitions
Now handling font encoding LGR ...
... processing UTF-8 mapping file for font encoding LGR
 (/usr/local/texlive/2021/texmf-dist/tex/latex/greek-inputenc/lgrenc.dfu
File: lgrenc.dfu 2019/07/11 1.7 UTF-8 support for Greek
   defining Unicode char U+00A8 (decimal 168)
   defining Unicode char U+00AB (decimal 171)
   defining Unicode char U+00AF (decimal 175)
   defining Unicode char U+00B4 (decimal 180)
   defining Unicode char U+00B7 (decimal 183)
   defining Unicode char U+00BB (decimal 187)
   defining Unicode char U+0259 (decimal 601)
   defining Unicode char U+02D8 (decimal 728)
   defining Unicode char U+0374 (decimal 884)
   defining Unicode char U+0375 (decimal 885)
   defining Unicode char U+037A (decimal 890)
   defining Unicode char U+037E (decimal 894)
   defining Unicode char U+0384 (decimal 900)
   defining Unicode char U+0385 (decimal 901)
   defining Unicode char U+0386 (decimal 902)
   defining Unicode char U+0387 (decimal 903)
   defining Unicode char U+0388 (decimal 904)
   defining Unicode char U+0389 (decimal 905)
   defining Unicode char U+038A (decimal 906)
   defining Unicode char U+038C (decimal 908)
   defining Unicode char U+038E (decimal 910)
   defining Unicode char U+038F (decimal 911)
   defining Unicode char U+0390 (decimal 912)
   defining Unicode char U+0391 (decimal 913)
   defining Unicode char U+0392 (decimal 914)
   defining Unicode char U+0393 (decimal 915)
   defining Unicode char U+0394 (decimal 916)
   defining Unicode char U+0395 (decimal 917)
   defining Unicode char U+0396 (decimal 918)
   defining Unicode char U+0397 (decimal 919)
   defining Unicode char U+0398 (decimal 920)
   defining Unicode char U+0399 (decimal 921)
   defining Unicode char U+039A (decimal 922)
   defining Unicode char U+039B (decimal 923)
   defining Unicode char U+039C (decimal 924)
   defining Unicode char U+039D (decimal 925)
   defining Unicode char U+039E (decimal 926)
   defining Unicode char U+039F (decimal 927)
   defining Unicode char U+03A0 (decimal 928)
   defining Unicode char U+03A1 (decimal 929)
   defining Unicode char U+03A3 (decimal 931)
   defining Unicode char U+03A4 (decimal 932)
   defining Unicode char U+03A5 (decimal 933)
   defining Unicode char U+03A6 (decimal 934)
   defining Unicode char U+03A7 (decimal 935)
   defining Unicode char U+03A8 (decimal 936)
   defining Unicode char U+03A9 (decimal 937)
   defining Unicode char U+03AA (decimal 938)
   defining Unicode char U+03AB (decimal 939)
   defining Unicode char U+03AC (decimal 940)
   defining Unicode char U+03AD (decimal 941)
   defining Unicode char U+03AE (decimal 942)
   defining Unicode char U+03AF (decimal 943)
   defining Unicode char U+03B0 (decimal 944)
   defining Unicode char U+03B1 (decimal 945)
   defining Unicode char U+03B2 (decimal 946)
   defining Unicode char U+03B3 (decimal 947)
   defining Unicode char U+03B4 (decimal 948)
   defining Unicode char U+03B5 (decimal 949)
   defining Unicode char U+03B6 (decimal 950)
   defining Unicode char U+03B7 (decimal 951)
   defining Unicode char U+03B8 (decimal 952)
   defining Unicode char U+03B9 (decimal 953)
   defining Unicode char U+03BA (decimal 954)
   defining Unicode char U+03BB (decimal 955)
   defining Unicode char U+03BC (decimal 956)
   defining Unicode char U+03BD (decimal 957)
   defining Unicode char U+03BE (decimal 958)
   defining Unicode char U+03BF (decimal 959)
   defining Unicode char U+03C0 (decimal 960)
   defining Unicode char U+03C1 (decimal 961)
   defining Unicode char U+03C2 (decimal 962)
   defining Unicode char U+03C3 (decimal 963)
   defining Unicode char U+03C4 (decimal 964)
   defining Unicode char U+03C5 (decimal 965)
   defining Unicode char U+03C6 (decimal 966)
   defining Unicode char U+03C7 (decimal 967)
   defining Unicode char U+03C8 (decimal 968)
   defining Unicode char U+03C9 (decimal 969)
   defining Unicode char U+03CA (decimal 970)
   defining Unicode char U+03CB (decimal 971)
   defining Unicode char U+03CC (decimal 972)
   defining Unicode char U+03CD (decimal 973)
   defining Unicode char U+03CE (decimal 974)
   defining Unicode char U+03D0 (decimal 976)
   defining Unicode char U+03D1 (decimal 977)
   defining Unicode char U+03D5 (decimal 981)
   defining Unicode char U+03D6 (decimal 982)
   defining Unicode char U+03D8 (decimal 984)
   defining Unicode char U+03D9 (decimal 985)
   defining Unicode char U+03DA (decimal 986)
   defining Unicode char U+03DB (decimal 987)
   defining Unicode char U+03DC (decimal 988)
   defining Unicode char U+03DD (decimal 989)
   defining Unicode char U+03DF (decimal 991)
   defining Unicode char U+03E0 (decimal 992)
   defining Unicode char U+03E1 (decimal 993)
   defining Unicode char U+03F0 (decimal 1008)
   defining Unicode char U+03F1 (decimal 1009)
   defining Unicode char U+03F4 (decimal 1012)
   defining Unicode char U+03F5 (decimal 1013)
   defining Unicode char U+1F00 (decimal 7936)
   defining Unicode char U+1F01 (decimal 7937)
   defining Unicode char U+1F02 (decimal 7938)
   defining Unicode char U+1F03 (decimal 7939)
   defining Unicode char U+1F04 (decimal 7940)
   defining Unicode char U+1F05 (decimal 7941)
   defining Unicode char U+1F06 (decimal 7942)
   defining Unicode char U+1F07 (decimal 7943)
   defining Unicode char U+1F08 (decimal 7944)
   defining Unicode char U+1F09 (decimal 7945)
   defining Unicode char U+1F0A (decimal 7946)
   defining Unicode char U+1F0B (decimal 7947)
   defining Unicode char U+1F0C (decimal 7948)
   defining Unicode char U+1F0D (decimal 7949)
   defining Unicode char U+1F0E (decimal 7950)
   defining Unicode char U+1F0F (decimal 7951)
   defining Unicode char U+1F10 (decimal 7952)
   defining Unicode char U+1F11 (decimal 7953)
   defining Unicode char U+1F12 (decimal 7954)
   defining Unicode char U+1F13 (decimal 7955)
   defining Unicode char U+1F14 (decimal 7956)
   defining Unicode char U+1F15 (decimal 7957)
   defining Unicode char U+1F18 (decimal 7960)
   defining Unicode char U+1F19 (decimal 7961)
   defining Unicode char U+1F1A (decimal 7962)
   defining Unicode char U+1F1B (decimal 7963)
   defining Unicode char U+1F1C (decimal 7964)
   defining Unicode char U+1F1D (decimal 7965)
   defining Unicode char U+1F20 (decimal 7968)
   defining Unicode char U+1F21 (decimal 7969)
   defining Unicode char U+1F22 (decimal 7970)
   defining Unicode char U+1F23 (decimal 7971)
   defining Unicode char U+1F24 (decimal 7972)
   defining Unicode char U+1F25 (decimal 7973)
   defining Unicode char U+1F26 (decimal 7974)
   defining Unicode char U+1F27 (decimal 7975)
   defining Unicode char U+1F28 (decimal 7976)
   defining Unicode char U+1F29 (decimal 7977)
   defining Unicode char U+1F2A (decimal 7978)
   defining Unicode char U+1F2B (decimal 7979)
   defining Unicode char U+1F2C (decimal 7980)
   defining Unicode char U+1F2D (decimal 7981)
   defining Unicode char U+1F2E (decimal 7982)
   defining Unicode char U+1F2F (decimal 7983)
   defining Unicode char U+1F30 (decimal 7984)
   defining Unicode char U+1F31 (decimal 7985)
   defining Unicode char U+1F32 (decimal 7986)
   defining Unicode char U+1F33 (decimal 7987)
   defining Unicode char U+1F34 (decimal 7988)
   defining Unicode char U+1F35 (decimal 7989)
   defining Unicode char U+1F36 (decimal 7990)
   defining Unicode char U+1F37 (decimal 7991)
   defining Unicode char U+1F38 (decimal 7992)
   defining Unicode char U+1F39 (decimal 7993)
   defining Unicode char U+1F3A (decimal 7994)
   defining Unicode char U+1F3B (decimal 7995)
   defining Unicode char U+1F3C (decimal 7996)
   defining Unicode char U+1F3D (decimal 7997)
   defining Unicode char U+1F3E (decimal 7998)
   defining Unicode char U+1F3F (decimal 7999)
   defining Unicode char U+1F40 (decimal 8000)
   defining Unicode char U+1F41 (decimal 8001)
   defining Unicode char U+1F42 (decimal 8002)
   defining Unicode char U+1F43 (decimal 8003)
   defining Unicode char U+1F44 (decimal 8004)
   defining Unicode char U+1F45 (decimal 8005)
   defining Unicode char U+1F48 (decimal 8008)
   defining Unicode char U+1F49 (decimal 8009)
   defining Unicode char U+1F4A (decimal 8010)
   defining Unicode char U+1F4B (decimal 8011)
   defining Unicode char U+1F4C (decimal 8012)
   defining Unicode char U+1F4D (decimal 8013)
   defining Unicode char U+1F50 (decimal 8016)
   defining Unicode char U+1F51 (decimal 8017)
   defining Unicode char U+1F52 (decimal 8018)
   defining Unicode char U+1F53 (decimal 8019)
   defining Unicode char U+1F54 (decimal 8020)
   defining Unicode char U+1F55 (decimal 8021)
   defining Unicode char U+1F56 (decimal 8022)
   defining Unicode char U+1F57 (decimal 8023)
   defining Unicode char U+1F59 (decimal 8025)
   defining Unicode char U+1F5B (decimal 8027)
   defining Unicode char U+1F5D (decimal 8029)
   defining Unicode char U+1F5F (decimal 8031)
   defining Unicode char U+1F60 (decimal 8032)
   defining Unicode char U+1F61 (decimal 8033)
   defining Unicode char U+1F62 (decimal 8034)
   defining Unicode char U+1F63 (decimal 8035)
   defining Unicode char U+1F64 (decimal 8036)
   defining Unicode char U+1F65 (decimal 8037)
   defining Unicode char U+1F66 (decimal 8038)
   defining Unicode char U+1F67 (decimal 8039)
   defining Unicode char U+1F68 (decimal 8040)
   defining Unicode char U+1F69 (decimal 8041)
   defining Unicode char U+1F6A (decimal 8042)
   defining Unicode char U+1F6B (decimal 8043)
   defining Unicode char U+1F6C (decimal 8044)
   defining Unicode char U+1F6D (decimal 8045)
   defining Unicode char U+1F6E (decimal 8046)
   defining Unicode char U+1F6F (decimal 8047)
   defining Unicode char U+1F70 (decimal 8048)
   defining Unicode char U+1F71 (decimal 8049)
   defining Unicode char U+1F72 (decimal 8050)
   defining Unicode char U+1F73 (decimal 8051)
   defining Unicode char U+1F74 (decimal 8052)
   defining Unicode char U+1F75 (decimal 8053)
   defining Unicode char U+1F76 (decimal 8054)
   defining Unicode char U+1F77 (decimal 8055)
   defining Unicode char U+1F78 (decimal 8056)
   defining Unicode char U+1F79 (decimal 8057)
   defining Unicode char U+1F7A (decimal 8058)
   defining Unicode char U+1F7B (decimal 8059)
   defining Unicode char U+1F7C (decimal 8060)
   defining Unicode char U+1F7D (decimal 8061)
   defining Unicode char U+1F80 (decimal 8064)
   defining Unicode char U+1F81 (decimal 8065)
   defining Unicode char U+1F82 (decimal 8066)
   defining Unicode char U+1F83 (decimal 8067)
   defining Unicode char U+1F84 (decimal 8068)
   defining Unicode char U+1F85 (decimal 8069)
   defining Unicode char U+1F86 (decimal 8070)
   defining Unicode char U+1F87 (decimal 8071)
   defining Unicode char U+1F88 (decimal 8072)
   defining Unicode char U+1F89 (decimal 8073)
   defining Unicode char U+1F8A (decimal 8074)
   defining Unicode char U+1F8B (decimal 8075)
   defining Unicode char U+1F8C (decimal 8076)
   defining Unicode char U+1F8D (decimal 8077)
   defining Unicode char U+1F8E (decimal 8078)
   defining Unicode char U+1F8F (decimal 8079)
   defining Unicode char U+1F90 (decimal 8080)
   defining Unicode char U+1F91 (decimal 8081)
   defining Unicode char U+1F92 (decimal 8082)
   defining Unicode char U+1F93 (decimal 8083)
   defining Unicode char U+1F94 (decimal 8084)
   defining Unicode char U+1F95 (decimal 8085)
   defining Unicode char U+1F96 (decimal 8086)
   defining Unicode char U+1F97 (decimal 8087)
   defining Unicode char U+1F98 (decimal 8088)
   defining Unicode char U+1F99 (decimal 8089)
   defining Unicode char U+1F9A (decimal 8090)
   defining Unicode char U+1F9B (decimal 8091)
   defining Unicode char U+1F9C (decimal 8092)
   defining Unicode char U+1F9D (decimal 8093)
   defining Unicode char U+1F9E (decimal 8094)
   defining Unicode char U+1F9F (decimal 8095)
   defining Unicode char U+1FA0 (decimal 8096)
   defining Unicode char U+1FA1 (decimal 8097)
   defining Unicode char U+1FA2 (decimal 8098)
   defining Unicode char U+1FA3 (decimal 8099)
   defining Unicode char U+1FA4 (decimal 8100)
   defining Unicode char U+1FA5 (decimal 8101)
   defining Unicode char U+1FA6 (decimal 8102)
   defining Unicode char U+1FA7 (decimal 8103)
   defining Unicode char U+1FA8 (decimal 8104)
   defining Unicode char U+1FA9 (decimal 8105)
   defining Unicode char U+1FAA (decimal 8106)
   defining Unicode char U+1FAB (decimal 8107)
   defining Unicode char U+1FAC (decimal 8108)
   defining Unicode char U+1FAD (decimal 8109)
   defining Unicode char U+1FAE (decimal 8110)
   defining Unicode char U+1FAF (decimal 8111)
   defining Unicode char U+1FB0 (decimal 8112)
   defining Unicode char U+1FB1 (decimal 8113)
   defining Unicode char U+1FB2 (decimal 8114)
   defining Unicode char U+1FB3 (decimal 8115)
   defining Unicode char U+1FB4 (decimal 8116)
   defining Unicode char U+1FB6 (decimal 8118)
   defining Unicode char U+1FB7 (decimal 8119)
   defining Unicode char U+1FB8 (decimal 8120)
   defining Unicode char U+1FB9 (decimal 8121)
   defining Unicode char U+1FBA (decimal 8122)
   defining Unicode char U+1FBB (decimal 8123)
   defining Unicode char U+1FBC (decimal 8124)
   defining Unicode char U+1FBD (decimal 8125)
   defining Unicode char U+1FBE (decimal 8126)
   defining Unicode char U+1FBF (decimal 8127)
   defining Unicode char U+1FC0 (decimal 8128)
   defining Unicode char U+1FC1 (decimal 8129)
   defining Unicode char U+1FC2 (decimal 8130)
   defining Unicode char U+1FC3 (decimal 8131)
   defining Unicode char U+1FC4 (decimal 8132)
   defining Unicode char U+1FC6 (decimal 8134)
   defining Unicode char U+1FC7 (decimal 8135)
   defining Unicode char U+1FC8 (decimal 8136)
   defining Unicode char U+1FC9 (decimal 8137)
   defining Unicode char U+1FCA (decimal 8138)
   defining Unicode char U+1FCB (decimal 8139)
   defining Unicode char U+1FCC (decimal 8140)
   defining Unicode char U+1FCD (decimal 8141)
   defining Unicode char U+1FCE (decimal 8142)
   defining Unicode char U+1FCF (decimal 8143)
   defining Unicode char U+1FD0 (decimal 8144)
   defining Unicode char U+1FD1 (decimal 8145)
   defining Unicode char U+1FD2 (decimal 8146)
   defining Unicode char U+1FD3 (decimal 8147)
   defining Unicode char U+1FD6 (decimal 8150)
   defining Unicode char U+1FD7 (decimal 8151)
   defining Unicode char U+1FD8 (decimal 8152)
   defining Unicode char U+1FD9 (decimal 8153)
   defining Unicode char U+1FDA (decimal 8154)
   defining Unicode char U+1FDB (decimal 8155)
   defining Unicode char U+1FDD (decimal 8157)
   defining Unicode char U+1FDE (decimal 8158)
   defining Unicode char U+1FDF (decimal 8159)
   defining Unicode char U+1FE0 (decimal 8160)
   defining Unicode char U+1FE1 (decimal 8161)
   defining Unicode char U+1FE2 (decimal 8162)
   defining Unicode char U+1FE3 (decimal 8163)
   defining Unicode char U+1FE4 (decimal 8164)
   defining Unicode char U+1FE5 (decimal 8165)
   defining Unicode char U+1FE6 (decimal 8166)
   defining Unicode char U+1FE7 (decimal 8167)
   defining Unicode char U+1FE8 (decimal 8168)
   defining Unicode char U+1FE9 (decimal 8169)
   defining Unicode char U+1FEA (decimal 8170)
   defining Unicode char U+1FEB (decimal 8171)
   defining Unicode char U+1FEC (decimal 8172)
   defining Unicode char U+1FED (decimal 8173)
   defining Unicode char U+1FEE (decimal 8174)
   defining Unicode char U+1FEF (decimal 8175)
   defining Unicode char U+1FF2 (decimal 8178)
   defining Unicode char U+1FF3 (decimal 8179)
   defining Unicode char U+1FF4 (decimal 8180)
   defining Unicode char U+1FF6 (decimal 8182)
   defining Unicode char U+1FF7 (decimal 8183)
   defining Unicode char U+1FF8 (decimal 8184)
   defining Unicode char U+1FF9 (decimal 8185)
   defining Unicode char U+1FFA (decimal 8186)
   defining Unicode char U+1FFB (decimal 8187)
   defining Unicode char U+1FFC (decimal 8188)
   defining Unicode char U+1FFD (decimal 8189)
   defining Unicode char U+1FFE (decimal 8190)
   defining Unicode char U+2013 (decimal 8211)
   defining Unicode char U+2014 (decimal 8212)
   defining Unicode char U+2018 (decimal 8216)
   defining Unicode char U+2019 (decimal 8217)
   defining Unicode char U+201A (decimal 8218)
   defining Unicode char U+2030 (decimal 8240)
   defining Unicode char U+2039 (decimal 8249)
   defining Unicode char U+203A (decimal 8250)
   defining Unicode char U+20AC (decimal 8364)
   defining Unicode char U+2126 (decimal 8486)
   defining Unicode char U+10144 (decimal 65860)
   defining Unicode char U+10145 (decimal 65861)
   defining Unicode char U+10146 (decimal 65862)
   defining Unicode char U+10147 (decimal 65863)
) (/usr/local/texlive/2021/texmf-dist/tex/latex/greek-fontenc/greek-fontenc.def
File: greek-fontenc.def 2020/10/30 2.0 Common Greek font encoding definitions
))
Package textgreek Info: Loaded fontmap: {phv/*/*}{U/psy/*/*} {*/bx/n}{U/eur/b/n} {*/b/n}{U/eur/b/n} {*/*/n}{U/eur/m/n} {*/*/it}{OML/*/*/*}. on input line 69.
) (/usr/local/texlive/2021/texmf-dist/tex/latex/fancyhdr/fancyhdr.sty
Package: fancyhdr 2021/01/28 v4.0.1 Extensive control of page headers and footers
\f@nch@headwidth=\skip98
\f@nch@O@elh=\skip99
\f@nch@O@erh=\skip100
\f@nch@O@olh=\skip101
\f@nch@O@orh=\skip102
\f@nch@O@elf=\skip103
\f@nch@O@erf=\skip104
\f@nch@O@olf=\skip105
\f@nch@O@orf=\skip106
) (/usr/local/texlive/2021/texmf-dist/tex/latex/etoolbox/etoolbox.sty
Package: etoolbox 2020/10/05 v2.5k e-TeX tools for LaTeX (JAW)
\etb@tempcnta=\count291
)
\c@myequations=\count292
\cftbeforemyequationsskip=\skip107
\cftmyequationsindent=\skip108
\cftmyequationsnumwidth=\skip109
\c@equdepth=\count293
\cftbeforeequtitleskip=\skip110
\cftafterequtitleskip=\skip111
) (/Users/sarlot/Desktop/Programming/GitHub/PulleySimulation/Presentation/introduction.tex) (/usr/local/texlive/2021/texmf-dist/tex/latex/cite/cite.sty
LaTeX Info: Redefining \cite on input line 302.
LaTeX Info: Redefining \nocite on input line 332.
Package: cite 2015/02/27  v 5.5
) (/usr/local/texlive/2021/texmf-dist/tex/latex/l3backend/l3backend-pdftex.def
File: l3backend-pdftex.def 2021-03-18 L3 backend support: PDF output (pdfTeX)
\l__color_backend_stack_int=\count294
\l__pdf_internal_box=\box57
) (/Users/sarlot/Desktop/Programming/GitHub/PulleySimulation/Presentation/final_project.aux (/Users/sarlot/Desktop/Programming/GitHub/PulleySimulation/Presentation/Chapters/chapter_introduction.aux) (/Users/sarlot/Desktop/Programming/GitHub/PulleySimulation/Presentation/Chapters/chapter_materials.aux) (/Users/sarlot/Desktop/Programming/GitHub/PulleySimulation/Presentation/Chapters/chapter_pulley_system.aux) (/Users/sarlot/Desktop/Programming/GitHub/PulleySimulation/Presentation/Chapters/chapter_pulley_system_2.aux) (/Users/sarlot/Desktop/Programming/GitHub/PulleySimulation/Presentation/Chapters/chapter_web_application.aux) (/Users/sarlot/Desktop/Programming/GitHub/PulleySimulation/Presentation/Chapters/chapter_effort_calculation.aux) (/Users/sarlot/Desktop/Programming/GitHub/PulleySimulation/Presentation/Chapters/chapter_summary.aux) (/Users/sarlot/Desktop/Programming/GitHub/PulleySimulation/Presentation/Chapters/chapter_conclusion.aux))
\openout1 = `final_project.aux'.

LaTeX Font Info:    Checking defaults for OML/cmm/m/it on input line 8.
LaTeX Font Info:    ... okay on input line 8.
LaTeX Font Info:    Checking defaults for OMS/cmsy/m/n on input line 8.
LaTeX Font Info:    ... okay on input line 8.
LaTeX Font Info:    Checking defaults for OT1/cmr/m/n on input line 8.
LaTeX Font Info:    ... okay on input line 8.
LaTeX Font Info:    Checking defaults for T1/cmr/m/n on input line 8.
LaTeX Font Info:    ... okay on input line 8.
LaTeX Font Info:    Checking defaults for TS1/cmr/m/n on input line 8.
LaTeX Font Info:    ... okay on input line 8.
LaTeX Font Info:    Checking defaults for OMX/cmex/m/n on input line 8.
LaTeX Font Info:    ... okay on input line 8.
LaTeX Font Info:    Checking defaults for U/cmr/m/n on input line 8.
LaTeX Font Info:    ... okay on input line 8.
LaTeX Font Info:    Checking defaults for PD1/pdf/m/n on input line 8.
LaTeX Font Info:    ... okay on input line 8.
LaTeX Font Info:    Checking defaults for PU/pdf/m/n on input line 8.
LaTeX Font Info:    ... okay on input line 8.
LaTeX Font Info:    Checking defaults for LGR/cmr/m/n on input line 8.
LaTeX Font Info:    Trying to load font information for LGR+cmr on input line 8.
 (/usr/local/texlive/2021/texmf-dist/tex/latex/cbfonts-fd/lgrcmr.fd
File: lgrcmr.fd 2017/07/29 v1.2 Greek European Computer Regular
)
LaTeX Font Info:    ... okay on input line 8.

*geometry* driver: auto-detecting
*geometry* detected driver: pdftex
*geometry* verbose mode - [ preamble ] result:
* driver: pdftex
* paper: a4paper
* layout: <same size as paper>
* layoutoffset:(h,v)=(0.0pt,0.0pt)
* modes: twoside 
* h-part:(L,W,R)=(113.81102pt, 412.56497pt, 71.13188pt)
* v-part:(T,H,B)=(85.35826pt, 702.78308pt, 56.9055pt)
* \paperwidth=597.50787pt
* \paperheight=845.04684pt
* \textwidth=412.56497pt
* \textheight=702.78308pt
* \oddsidemargin=41.54103pt
* \evensidemargin=-1.1381pt
* \topmargin=-21.91173pt
* \headheight=25.0pt
* \headsep=10.0pt
* \topskip=12.0pt
* \footskip=25.0pt
* \marginparwidth=88.0pt
* \marginparsep=0.0pt
* \columnsep=10.0pt
* \skip\footins=10.8pt plus 4.0pt minus 2.0pt
* \hoffset=0.0pt
* \voffset=0.0pt
* \mag=1000
* \@twocolumnfalse
* \@twosidetrue
* \@mparswitchtrue
* \@reversemarginfalse
* (1in=72.27pt=25.4mm, 1cm=28.453pt)

(/usr/local/texlive/2021/texmf-dist/tex/context/base/mkii/supp-pdf.mkii
[Loading MPS to PDF converter (version 2006.09.02).]
\scratchcounter=\count295
\scratchdimen=\dimen183
\scratchbox=\box58
\nofMPsegments=\count296
\nofMParguments=\count297
\everyMPshowfont=\toks28
\MPscratchCnt=\count298
\MPscratchDim=\dimen184
\MPnumerator=\count299
\makeMPintoPDFobject=\count300
\everyMPtoPDFconversion=\toks29
) (/usr/local/texlive/2021/texmf-dist/tex/latex/epstopdf-pkg/epstopdf-base.sty
Package: epstopdf-base 2020-01-24 v2.11 Base part for package epstopdf
Package epstopdf-base Info: Redefining graphics rule for `.eps' on input line 485.
 (/usr/local/texlive/2021/texmf-dist/tex/latex/latexconfig/epstopdf-sys.cfg
File: epstopdf-sys.cfg 2010/07/13 v1.3 Configuration of (r)epstopdf for TeX Live
))
Package caption Info: Begin \AtBeginDocument code.
Package caption Info: hyperref package is loaded.
Package caption Info: longtable package is loaded.
 (/usr/local/texlive/2021/texmf-dist/tex/latex/caption/ltcaption.sty
Package: ltcaption 2020/05/30 v1.4b longtable captions (AR)
)
Package caption Info: End \AtBeginDocument code.
Package hyperref Info: Link coloring OFF on input line 8.
 (/usr/local/texlive/2021/texmf-dist/tex/latex/hyperref/nameref.sty
Package: nameref 2021-04-02 v2.47 Cross-referencing by name of section
 (/usr/local/texlive/2021/texmf-dist/tex/latex/refcount/refcount.sty
Package: refcount 2019/12/15 v3.6 Data extraction from label references (HO)
) (/usr/local/texlive/2021/texmf-dist/tex/generic/gettitlestring/gettitlestring.sty
Package: gettitlestring 2019/12/15 v1.6 Cleanup title references (HO)
)
\c@section@level=\count301
)
LaTeX Info: Redefining \ref on input line 8.
LaTeX Info: Redefining \pageref on input line 8.
LaTeX Info: Redefining \nameref on input line 8.
 (/Users/sarlot/Desktop/Programming/GitHub/PulleySimulation/Presentation/final_project.out) (/Users/sarlot/Desktop/Programming/GitHub/PulleySimulation/Presentation/final_project.out)
\@outlinefile=\write3
\openout3 = `final_project.out'.

 (/usr/local/texlive/2021/texmf-dist/tex/latex/pdflscape/pdflscape.sty
Package: pdflscape 2019/12/05 v0.12 Display of landscape pages in PDF (HO)
 (/usr/local/texlive/2021/texmf-dist/tex/latex/graphics/lscape.sty
Package: lscape 2020/05/28 v3.02 Landscape Pages (DPC)
)
Package pdflscape Info: Auto-detected driver: pdftex on input line 81.
)
<Figures/Logo/UIMLA-Logo.png, id=139, 412.54124pt x 386.44376pt>
File: Figures/Logo/UIMLA-Logo.png Graphic file (type png)
<use Figures/Logo/UIMLA-Logo.png>
Package pdftex.def Info: Figures/Logo/UIMLA-Logo.png  used on input line 18.
(pdftex.def)             Requested size: 170.71652pt x 159.91713pt.
LaTeX Font Info:    External font `cmex10' loaded for size
(Font)              <12> on input line 24.
LaTeX Font Info:    External font `cmex10' loaded for size
(Font)              <8> on input line 24.
LaTeX Font Info:    External font `cmex10' loaded for size
(Font)              <6> on input line 24.
 [1


{/usr/local/texlive/2021/texmf-var/fonts/map/pdftex/updmap/pdftex.map} </Users/sarlot/Desktop/Programming/GitHub/PulleySimulation/Presentation/Figures/Logo/UIMLA-Logo.png>] (/Users/sarlot/Desktop/Programming/GitHub/PulleySimulation/Presentation/final_project.toc
Underfull \vbox (badness 4013) has occurred while \output is active []

 [2])
\tf@toc=\write4
\openout4 = `final_project.toc'.

 [3]
\openout2 = `Chapters/chapter_introduction.aux'.

 (/Users/sarlot/Desktop/Programming/GitHub/PulleySimulation/Presentation/Chapters/chapter_introduction.tex) [4

]
\openout2 = `Chapters/chapter_materials.aux'.

 (/Users/sarlot/Desktop/Programming/GitHub/PulleySimulation/Presentation/Chapters/chapter_materials.tex
Chapter 1.
) [5



]
\openout2 = `Chapters/chapter_pulley_system.aux'.

 (/Users/sarlot/Desktop/Programming/GitHub/PulleySimulation/Presentation/Chapters/chapter_pulley_system.tex
Chapter 2.
<Figures/PulleySystem/pulley_system.pdf, id=212, 578.25833pt x 401.6287pt>
File: Figures/PulleySystem/pulley_system.pdf Graphic file (type pdf)
<use Figures/PulleySystem/pulley_system.pdf>
Package pdftex.def Info: Figures/PulleySystem/pulley_system.pdf  used on input line 29.
(pdftex.def)             Requested size: 284.52756pt x 197.61484pt.
[6



 </Users/sarlot/Desktop/Programming/GitHub/PulleySimulation/Presentation/Figures/PulleySystem/pulley_system.pdf>]
Overfull \hbox (1.60979pt too wide) in paragraph at lines 39--40
[]\T1/cmr/m/n/12 Ú£innost (E) taºeného sys-tému lze vy-po£í-tat se£tením ú£ink· kaºdé kladky.
 []

[7]
<Figures/1_1/1_haul_system_1_1.pdf, id=244, 421.15427pt x 544.79364pt>
File: Figures/1_1/1_haul_system_1_1.pdf Graphic file (type pdf)
<use Figures/1_1/1_haul_system_1_1.pdf>
Package pdftex.def Info: Figures/1_1/1_haul_system_1_1.pdf  used on input line 59.
(pdftex.def)             Requested size: 142.26378pt x 184.03032pt.
<Figures/1_1/2_haul_system_1_1.pdf, id=245, 558.739pt x 631.30894pt>
File: Figures/1_1/2_haul_system_1_1.pdf Graphic file (type pdf)
<use Figures/1_1/2_haul_system_1_1.pdf>
Package pdftex.def Info: Figures/1_1/2_haul_system_1_1.pdf  used on input line 61.
(pdftex.def)             Requested size: 142.26378pt x 160.73601pt.
<Figures/1_1/3_haul_system_1_1.pdf, id=246, 422.08156pt x 633.93417pt>
File: Figures/1_1/3_haul_system_1_1.pdf Graphic file (type pdf)
<use Figures/1_1/3_haul_system_1_1.pdf>
Package pdftex.def Info: Figures/1_1/3_haul_system_1_1.pdf  used on input line 63.
(pdftex.def)             Requested size: 142.26378pt x 213.66786pt.
 [8 </Users/sarlot/Desktop/Programming/GitHub/PulleySimulation/Presentation/Figures/1_1/1_haul_system_1_1.pdf> </Users/sarlot/Desktop/Programming/GitHub/PulleySimulation/Presentation/Figures/1_1/2_haul_system_1_1.pdf> </Users/sarlot/Desktop/Programming/GitHub/PulleySimulation/Presentation/Figures/1_1/3_haul_system_1_1.pdf>]
<Figures/2_1/1_haul_system_2_1.pdf, id=303, 438.58688pt x 558.08592pt>
File: Figures/2_1/1_haul_system_2_1.pdf Graphic file (type pdf)
<use Figures/2_1/1_haul_system_2_1.pdf>
Package pdftex.def Info: Figures/2_1/1_haul_system_2_1.pdf  used on input line 76.
(pdftex.def)             Requested size: 142.26378pt x 181.02663pt.
<Figures/2_1/2_haul_system_2_1.pdf, id=304, 447.53242pt x 615.84982pt>
File: Figures/2_1/2_haul_system_2_1.pdf Graphic file (type pdf)
<use Figures/2_1/2_haul_system_2_1.pdf>
Package pdftex.def Info: Figures/2_1/2_haul_system_2_1.pdf  used on input line 78.
(pdftex.def)             Requested size: 142.26378pt x 195.76038pt.
<Figures/2_1/3_haul_system_2_1.pdf, id=305, 408.90605pt x 618.20842pt>
File: Figures/2_1/3_haul_system_2_1.pdf Graphic file (type pdf)
<use Figures/2_1/3_haul_system_2_1.pdf>
Package pdftex.def Info: Figures/2_1/3_haul_system_2_1.pdf  used on input line 80.
(pdftex.def)             Requested size: 142.26378pt x 215.08385pt.
 [9 </Users/sarlot/Desktop/Programming/GitHub/PulleySimulation/Presentation/Figures/2_1/1_haul_system_2_1.pdf> </Users/sarlot/Desktop/Programming/GitHub/PulleySimulation/Presentation/Figures/2_1/2_haul_system_2_1.pdf> </Users/sarlot/Desktop/Programming/GitHub/PulleySimulation/Presentation/Figures/2_1/3_haul_system_2_1.pdf>]
<Figures/3_1/1_haul_system_3_1.pdf, id=363, 375.30693pt x 575.7024pt>
File: Figures/3_1/1_haul_system_3_1.pdf Graphic file (type pdf)
<use Figures/3_1/1_haul_system_3_1.pdf>
Package pdftex.def Info: Figures/3_1/1_haul_system_3_1.pdf  used on input line 93.
(pdftex.def)             Requested size: 113.81102pt x 174.57436pt.

Underfull \hbox (badness 10000) in paragraph at lines 93--93
[]\T1/cmr/bx/it/10 (a) |\T1/cmr/m/it/10 Se-s-tro-jení klad-
 []

<Figures/3_1/2_haul_system_3_1.pdf, id=364, 406.70267pt x 607.06529pt>
File: Figures/3_1/2_haul_system_3_1.pdf Graphic file (type pdf)
<use Figures/3_1/2_haul_system_3_1.pdf>
Package pdftex.def Info: Figures/3_1/2_haul_system_3_1.pdf  used on input line 95.
(pdftex.def)             Requested size: 142.26378pt x 212.3556pt.
<Figures/3_1/3_haul_system_3_1.pdf, id=365, 369.49542pt x 602.74954pt>
File: Figures/3_1/3_haul_system_3_1.pdf Graphic file (type pdf)
<use Figures/3_1/3_haul_system_3_1.pdf>
Package pdftex.def Info: Figures/3_1/3_haul_system_3_1.pdf  used on input line 97.
(pdftex.def)             Requested size: 113.81102pt x 185.65479pt.
<Figures/3_1/4_haul_system_3_1.pdf, id=366, 332.10092pt x 608.00159pt>
File: Figures/3_1/4_haul_system_3_1.pdf Graphic file (type pdf)
<use Figures/3_1/4_haul_system_3_1.pdf>
Package pdftex.def Info: Figures/3_1/4_haul_system_3_1.pdf  used on input line 99.
(pdftex.def)             Requested size: 113.81102pt x 208.3599pt.
[10 </Users/sarlot/Desktop/Programming/GitHub/PulleySimulation/Presentation/Figures/3_1/1_haul_system_3_1.pdf> </Users/sarlot/Desktop/Programming/GitHub/PulleySimulation/Presentation/Figures/3_1/2_haul_system_3_1.pdf> </Users/sarlot/Desktop/Programming/GitHub/PulleySimulation/Presentation/Figures/3_1/3_haul_system_3_1.pdf> </Users/sarlot/Desktop/Programming/GitHub/PulleySimulation/Presentation/Figures/3_1/4_haul_system_3_1.pdf>]
<Figures/4_1/1_haul_system_4_1.pdf, id=438, 383.75601pt x 603.96962pt>
File: Figures/4_1/1_haul_system_4_1.pdf Graphic file (type pdf)
<use Figures/4_1/1_haul_system_4_1.pdf>
Package pdftex.def Info: Figures/4_1/1_haul_system_4_1.pdf  used on input line 112.
(pdftex.def)             Requested size: 113.81102pt x 179.11871pt.

Underfull \hbox (badness 10000) in paragraph at lines 112--112
[]\T1/cmr/bx/it/10 (a) |\T1/cmr/m/it/10 Se-s-tro-jení klad-
 []

<Figures/4_1/2_haul_system_4_1.pdf, id=439, 321.83228pt x 597.91582pt>
File: Figures/4_1/2_haul_system_4_1.pdf Graphic file (type pdf)
<use Figures/4_1/2_haul_system_4_1.pdf>
Package pdftex.def Info: Figures/4_1/2_haul_system_4_1.pdf  used on input line 114.
(pdftex.def)             Requested size: 113.81102pt x 211.44505pt.

Underfull \hbox (badness 10000) in paragraph at lines 114--114
[]\T1/cmr/bx/it/10 (b) |\T1/cmr/m/it/10 Zo-brazení se-s-tro-
 []

<Figures/4_1/3_haul_system_4_1.pdf, id=440, 503.77786pt x 630.87164pt>
File: Figures/4_1/3_haul_system_4_1.pdf Graphic file (type pdf)
<use Figures/4_1/3_haul_system_4_1.pdf>
Package pdftex.def Info: Figures/4_1/3_haul_system_4_1.pdf  used on input line 116.
(pdftex.def)             Requested size: 113.81102pt x 142.51756pt.
<Figures/4_1/4_haul_system_4_1.pdf, id=441, 468.16339pt x 612.32175pt>
File: Figures/4_1/4_haul_system_4_1.pdf Graphic file (type pdf)
<use Figures/4_1/4_haul_system_4_1.pdf>
Package pdftex.def Info: Figures/4_1/4_haul_system_4_1.pdf  used on input line 118.
(pdftex.def)             Requested size: 113.81102pt x 148.8569pt.
[11 </Users/sarlot/Desktop/Programming/GitHub/PulleySimulation/Presentation/Figures/4_1/1_haul_system_4_1.pdf> </Users/sarlot/Desktop/Programming/GitHub/PulleySimulation/Presentation/Figures/4_1/2_haul_system_4_1.pdf> </Users/sarlot/Desktop/Programming/GitHub/PulleySimulation/Presentation/Figures/4_1/3_haul_system_4_1.pdf> </Users/sarlot/Desktop/Programming/GitHub/PulleySimulation/Presentation/Figures/4_1/4_haul_system_4_1.pdf>]
<Figures/5_1/1_haul_system_5_1.pdf, id=537, 299.50687pt x 598.6152pt>
File: Figures/5_1/1_haul_system_5_1.pdf Graphic file (type pdf)
<use Figures/5_1/1_haul_system_5_1.pdf>
Package pdftex.def Info: Figures/5_1/1_haul_system_5_1.pdf  used on input line 131.
(pdftex.def)             Requested size: 113.81102pt x 227.467pt.

Underfull \hbox (badness 10000) in paragraph at lines 131--131
[]\T1/cmr/bx/it/10 (a) |\T1/cmr/m/it/10 Se-s-tro-jení klad-
 []

<Figures/5_1/2_haul_system_5_1.pdf, id=538, 303.01315pt x 570.43913pt>
File: Figures/5_1/2_haul_system_5_1.pdf Graphic file (type pdf)
<use Figures/5_1/2_haul_system_5_1.pdf>
Package pdftex.def Info: Figures/5_1/2_haul_system_5_1.pdf  used on input line 133.
(pdftex.def)             Requested size: 113.81102pt x 214.25362pt.

Underfull \hbox (badness 10000) in paragraph at lines 133--133
[]\T1/cmr/bx/it/10 (b) |\T1/cmr/m/it/10 Zo-brazení se-s-tro-
 []

<Figures/5_1/3_haul_system_5_1.pdf, id=539, 401.09608pt x 629.18082pt>
File: Figures/5_1/3_haul_system_5_1.pdf Graphic file (type pdf)
<use Figures/5_1/3_haul_system_5_1.pdf>
Package pdftex.def Info: Figures/5_1/3_haul_system_5_1.pdf  used on input line 135.
(pdftex.def)             Requested size: 113.81102pt x 178.52155pt.
<Figures/5_1/4_haul_system_5_1.pdf, id=540, 389.15106pt x 615.97952pt>
File: Figures/5_1/4_haul_system_5_1.pdf Graphic file (type pdf)
<use Figures/5_1/4_haul_system_5_1.pdf>
Package pdftex.def Info: Figures/5_1/4_haul_system_5_1.pdf  used on input line 137.
(pdftex.def)             Requested size: 113.81102pt x 180.14273pt.
[12 </Users/sarlot/Desktop/Programming/GitHub/PulleySimulation/Presentation/Figures/5_1/1_haul_system_5_1.pdf> </Users/sarlot/Desktop/Programming/GitHub/PulleySimulation/Presentation/Figures/5_1/2_haul_system_5_1.pdf> </Users/sarlot/Desktop/Programming/GitHub/PulleySimulation/Presentation/Figures/5_1/3_haul_system_5_1.pdf> </Users/sarlot/Desktop/Programming/GitHub/PulleySimulation/Presentation/Figures/5_1/4_haul_system_5_1.pdf>]
<Figures/7_1/1_haul_system_7_1.pdf, id=633, 281.06715pt x 619.60591pt>
File: Figures/7_1/1_haul_system_7_1.pdf Graphic file (type pdf)
<use Figures/7_1/1_haul_system_7_1.pdf>
Package pdftex.def Info: Figures/7_1/1_haul_system_7_1.pdf  used on input line 150.
(pdftex.def)             Requested size: 113.81102pt x 250.89174pt.

Underfull \hbox (badness 10000) in paragraph at lines 150--150
[]\T1/cmr/bx/it/10 (a) |\T1/cmr/m/it/10 Se-s-tro-jení klad-
 []

<Figures/7_1/2_haul_system_7_1.pdf, id=634, 378.36305pt x 629.50073pt>
File: Figures/7_1/2_haul_system_7_1.pdf Graphic file (type pdf)
<use Figures/7_1/2_haul_system_7_1.pdf>
Package pdftex.def Info: Figures/7_1/2_haul_system_7_1.pdf  used on input line 152.
(pdftex.def)             Requested size: 113.81102pt x 189.35115pt.
<Figures/7_1/3_haul_system_7_1.pdf, id=635, 359.22043pt x 620.89265pt>
File: Figures/7_1/3_haul_system_7_1.pdf Graphic file (type pdf)
<use Figures/7_1/3_haul_system_7_1.pdf>
Package pdftex.def Info: Figures/7_1/3_haul_system_7_1.pdf  used on input line 154.
(pdftex.def)             Requested size: 113.81102pt x 196.70963pt.

Underfull \hbox (badness 10000) in paragraph at lines 162--166

 []

[13 </Users/sarlot/Desktop/Programming/GitHub/PulleySimulation/Presentation/Figures/7_1/1_haul_system_7_1.pdf> </Users/sarlot/Desktop/Programming/GitHub/PulleySimulation/Presentation/Figures/7_1/2_haul_system_7_1.pdf> </Users/sarlot/Desktop/Programming/GitHub/PulleySimulation/Presentation/Figures/7_1/3_haul_system_7_1.pdf>]
Underfull \hbox (badness 10000) in paragraph at lines 175--179

 []

<Figures/Crevasse/Snow_anchor.png, id=698, 587.19376pt x 423.5825pt>
File: Figures/Crevasse/Snow_anchor.png Graphic file (type png)
<use Figures/Crevasse/Snow_anchor.png>
Package pdftex.def Info: Figures/Crevasse/Snow_anchor.png  used on input line 190.
(pdftex.def)             Requested size: 227.62204pt x 164.19469pt.
<Figures/Crevasse/1_Petzl_Crevasse_haul_system_2_1.pdf, id=700, 350.21419pt x 614.17596pt>
File: Figures/Crevasse/1_Petzl_Crevasse_haul_system_2_1.pdf Graphic file (type pdf)
<use Figures/Crevasse/1_Petzl_Crevasse_haul_system_2_1.pdf>
Package pdftex.def Info: Figures/Crevasse/1_Petzl_Crevasse_haul_system_2_1.pdf  used on input line 199.
(pdftex.def)             Requested size: 227.62204pt x 399.1909pt.
<Figures/Crevasse/1_Petzl_Crevasse_haul_system_2_1_detail.pdf, id=702, 390.76219pt x 613.33652pt>
File: Figures/Crevasse/1_Petzl_Crevasse_haul_system_2_1_detail.pdf Graphic file (type pdf)
<use Figures/Crevasse/1_Petzl_Crevasse_haul_system_2_1_detail.pdf>
Package pdftex.def Info: Figures/Crevasse/1_Petzl_Crevasse_haul_system_2_1_detail.pdf  used on input line 208.
(pdftex.def)             Requested size: 113.81102pt x 178.63045pt.
<Figures/Crevasse/2_Petzl_Crevasse_haul_system_3_1.pdf, id=704, 394.06567pt x 625.11191pt>
File: Figures/Crevasse/2_Petzl_Crevasse_haul_system_3_1.pdf Graphic file (type pdf)
<use Figures/Crevasse/2_Petzl_Crevasse_haul_system_3_1.pdf>
Package pdftex.def Info: Figures/Crevasse/2_Petzl_Crevasse_haul_system_3_1.pdf  used on input line 217.
(pdftex.def)             Requested size: 227.62204pt x 361.07716pt.
<Figures/Crevasse/2_Petzl_Crevasse_haul_system_3_1_detail.pdf, id=706, 407.92418pt x 620.41173pt>
File: Figures/Crevasse/2_Petzl_Crevasse_haul_system_3_1_detail.pdf Graphic file (type pdf)
<use Figures/Crevasse/2_Petzl_Crevasse_haul_system_3_1_detail.pdf>
Package pdftex.def Info: Figures/Crevasse/2_Petzl_Crevasse_haul_system_3_1_detail.pdf  used on input line 226.
(pdftex.def)             Requested size: 113.81102pt x 173.0893pt.
<Figures/Crevasse/3_Crevasse_haul_system_6_1.jpg, id=708, 1063.975pt x 1499.6025pt>
File: Figures/Crevasse/3_Crevasse_haul_system_6_1.jpg Graphic file (type jpg)
<use Figures/Crevasse/3_Crevasse_haul_system_6_1.jpg>
Package pdftex.def Info: Figures/Crevasse/3_Crevasse_haul_system_6_1.jpg  used on input line 235.
(pdftex.def)             Requested size: 284.52756pt x 401.00813pt.
<Figures/Crevasse/4_Petzl_Crevasse_haul_system_7_1.pdf, id=710, 405.2192pt x 612.92165pt>
File: Figures/Crevasse/4_Petzl_Crevasse_haul_system_7_1.pdf Graphic file (type pdf)
<use Figures/Crevasse/4_Petzl_Crevasse_haul_system_7_1.pdf>
Package pdftex.def Info: Figures/Crevasse/4_Petzl_Crevasse_haul_system_7_1.pdf  used on input line 244.
(pdftex.def)             Requested size: 227.62204pt x 344.29996pt.
<Figures/Crevasse/4_Petzl_Crevasse_haul_system_7_1_detail.pdf, id=712, 366.96843pt x 626.99112pt>
File: Figures/Crevasse/4_Petzl_Crevasse_haul_system_7_1_detail.pdf Graphic file (type pdf)
<use Figures/Crevasse/4_Petzl_Crevasse_haul_system_7_1_detail.pdf>
Package pdftex.def Info: Figures/Crevasse/4_Petzl_Crevasse_haul_system_7_1_detail.pdf  used on input line 253.
(pdftex.def)             Requested size: 113.81102pt x 194.45134pt.
)

LaTeX Warning: `h' float specifier changed to `ht'.


LaTeX Warning: `h' float specifier changed to `ht'.


LaTeX Warning: `h' float specifier changed to `ht'.


LaTeX Warning: `h' float specifier changed to `ht'.


LaTeX Warning: `h' float specifier changed to `ht'.


LaTeX Warning: `h' float specifier changed to `ht'.


LaTeX Warning: `h' float specifier changed to `ht'.


LaTeX Warning: `h' float specifier changed to `ht'.

[14] [15 </Users/sarlot/Desktop/Programming/GitHub/PulleySimulation/Presentation/Figures/Crevasse/Snow_anchor.png (PNG copy)> </Users/sarlot/Desktop/Programming/GitHub/PulleySimulation/Presentation/Figures/Crevasse/1_Petzl_Crevasse_haul_system_2_1.pdf>] [16 </Users/sarlot/Desktop/Programming/GitHub/PulleySimulation/Presentation/Figures/Crevasse/1_Petzl_Crevasse_haul_system_2_1_detail.pdf> </Users/sarlot/Desktop/Programming/GitHub/PulleySimulation/Presentation/Figures/Crevasse/2_Petzl_Crevasse_haul_system_3_1.pdf>] [17 </Users/sarlot/Desktop/Programming/GitHub/PulleySimulation/Presentation/Figures/Crevasse/2_Petzl_Crevasse_haul_system_3_1_detail.pdf> </Users/sarlot/Desktop/Programming/GitHub/PulleySimulation/Presentation/Figures/Crevasse/3_Crevasse_haul_system_6_1.jpg>] [18 </Users/sarlot/Desktop/Programming/GitHub/PulleySimulation/Presentation/Figures/Crevasse/4_Petzl_Crevasse_haul_system_7_1.pdf> </Users/sarlot/Desktop/Programming/GitHub/PulleySimulation/Presentation/Figures/Crevasse/4_Petzl_Crevasse_haul_system_7_1_detail.pdf>]
\openout2 = `Chapters/chapter_pulley_system_2.aux'.

 (/Users/sarlot/Desktop/Programming/GitHub/PulleySimulation/Presentation/Chapters/chapter_pulley_system_2.tex
Underfull \hbox (badness 10000) in paragraph at lines 9--13

 []


Underfull \hbox (badness 10000) in paragraph at lines 22--26

 []


Underfull \hbox (badness 10000) in paragraph at lines 35--39

 []


Overfull \hbox (6.31882pt too wide) in paragraph at lines 44--45
[]\T1/cmr/m/n/12 3. Volný pra-men lana pro-táh-neme kara-bi-nou s prusíkem. Uvol-níme zabloko-
 []


Underfull \vbox (badness 10000) has occurred while \output is active []

 [19



]
Underfull \hbox (badness 10000) in paragraph at lines 48--52

 []


Overfull \hbox (6.31882pt too wide) in paragraph at lines 57--58
[]\T1/cmr/m/n/12 3. Volný pra-men lana pro-táh-neme kara-bi-nou s prusíkem. Uvol-níme zabloko-
 []


Underfull \hbox (badness 10000) in paragraph at lines 61--65

 []


Underfull \hbox (badness 10000) in paragraph at lines 76--80

 []


Underfull \vbox (badness 10000) has occurred while \output is active []

 [20]) [21]
\openout2 = `Chapters/chapter_web_application.aux'.

 (/Users/sarlot/Desktop/Programming/GitHub/PulleySimulation/Presentation/Chapters/chapter_web_application.tex
Chapter 3.
<Figures/WebApplication/1_Web_application.png, id=853, 538.01pt x 677.53125pt>
File: Figures/WebApplication/1_Web_application.png Graphic file (type png)
<use Figures/WebApplication/1_Web_application.png>
Package pdftex.def Info: Figures/WebApplication/1_Web_application.png  used on input line 21.
(pdftex.def)             Requested size: 284.52756pt x 358.31447pt.
<Figures/WebApplication/2_Web_application.png, id=854, 164.615pt x 125.46875pt>
File: Figures/WebApplication/2_Web_application.png Graphic file (type png)
<use Figures/WebApplication/2_Web_application.png>
Package pdftex.def Info: Figures/WebApplication/2_Web_application.png  used on input line 32.
(pdftex.def)             Requested size: 113.81102pt x 86.74774pt.
<Figures/WebApplication/3_Web_application.png, id=855, 164.615pt x 114.4275pt>
File: Figures/WebApplication/3_Web_application.png Graphic file (type png)
<use Figures/WebApplication/3_Web_application.png>
Package pdftex.def Info: Figures/WebApplication/3_Web_application.png  used on input line 43.
(pdftex.def)             Requested size: 113.81102pt x 79.11394pt.
<Figures/WebApplication/4_Web_application.png, id=856, 488.82625pt x 90.3375pt>
File: Figures/WebApplication/4_Web_application.png Graphic file (type png)
<use Figures/WebApplication/4_Web_application.png>
Package pdftex.def Info: Figures/WebApplication/4_Web_application.png  used on input line 54.
(pdftex.def)             Requested size: 284.52756pt x 52.58324pt.
<Figures/WebApplication/5_Web_application.png, id=857, 441.65pt x 42.1575pt>
File: Figures/WebApplication/5_Web_application.png Graphic file (type png)
<use Figures/WebApplication/5_Web_application.png>
Package pdftex.def Info: Figures/WebApplication/5_Web_application.png  used on input line 65.
(pdftex.def)             Requested size: 284.52756pt x 27.16081pt.
<Figures/WebApplication/6_Web_application.png, id=858, 268.00125pt x 349.305pt>
File: Figures/WebApplication/6_Web_application.png Graphic file (type png)
<use Figures/WebApplication/6_Web_application.png>
Package pdftex.def Info: Figures/WebApplication/6_Web_application.png  used on input line 76.
(pdftex.def)             Requested size: 227.62204pt x 296.67612pt.
) [22



 </Users/sarlot/Desktop/Programming/GitHub/PulleySimulation/Presentation/Figures/WebApplication/1_Web_application.png>] [23 </Users/sarlot/Desktop/Programming/GitHub/PulleySimulation/Presentation/Figures/WebApplication/2_Web_application.png> </Users/sarlot/Desktop/Programming/GitHub/PulleySimulation/Presentation/Figures/WebApplication/3_Web_application.png> </Users/sarlot/Desktop/Programming/GitHub/PulleySimulation/Presentation/Figures/WebApplication/4_Web_application.png> </Users/sarlot/Desktop/Programming/GitHub/PulleySimulation/Presentation/Figures/WebApplication/5_Web_application.png> </Users/sarlot/Desktop/Programming/GitHub/PulleySimulation/Presentation/Figures/WebApplication/6_Web_application.png>]
\openout2 = `Chapters/chapter_effort_calculation.aux'.

 (/Users/sarlot/Desktop/Programming/GitHub/PulleySimulation/Presentation/Chapters/chapter_effort_calculation.tex
Chapter 4.

Underfull \hbox (badness 10000) in paragraph at lines 31--40

 []


Underfull \vbox (badness 10000) has occurred while \output is active []

 [24



]
Underfull \vbox (badness 10000) has occurred while \output is active []

 [25]
Overfull \hbox (24.29279pt too wide) in paragraph at lines 213--220
[][] 
 []


Underfull \hbox (badness 10000) in paragraph at lines 213--220

 []


Overfull \hbox (21.5777pt too wide) in paragraph at lines 220--220
|[]\T1/cmr/m/n/17.28 Výpo£et vy-taºené délky lana k zachrán¥ní lezce o poºadovanou
 []


Underfull \vbox (badness 10000) has occurred while \output is active []

 [26]
Underfull \hbox (badness 1117) in paragraph at lines 231--232
[]|\T1/cmr/m/n/12 skute£ná vy-taºená délka lana k zachran¥ lezce o
 []


Underfull \hbox (badness 1264) in paragraph at lines 232--233
[]|\T1/cmr/m/n/12 poºadovaná vzdálenost k vy-taºení zachra¬o-vaného
 []

)
Overfull \hbox (10.83488pt too wide) in paragraph at lines 230--46
[][] 
 []

[27]
\openout2 = `Chapters/chapter_summary.aux'.

 (/Users/sarlot/Desktop/Programming/GitHub/PulleySimulation/Presentation/Chapters/chapter_summary.tex
Chapter 5.
[28



]) [29]
\openout2 = `Chapters/chapter_conclusion.aux'.

 (/Users/sarlot/Desktop/Programming/GitHub/PulleySimulation/Presentation/Chapters/chapter_conclusion.tex
Overfull \hbox (2.6235pt too wide) in paragraph at lines 12--13
[]\T1/cmr/m/n/12 V úvodu práce byl pop-sán zák-ladní ma-ter-iál pot°ebný k záchran¥ spolulezce
 []

)
Overfull \hbox (17.57384pt too wide) in paragraph at lines 18--48
[]\T1/cmr/m/n/12 Samoz°ejm¥ záleºí na mnoha dal²ích vlivech, které v ap-likaci ne-j-sou uvaºovány.
 []

[30



] (/Users/sarlot/Desktop/Programming/GitHub/PulleySimulation/Presentation/final_project.equ
Overfull \hbox (3.26308pt too wide) detected at line 10
\T1/cmr/m/n/12 4.10 
 []


Overfull \hbox (3.26308pt too wide) detected at line 11
\T1/cmr/m/n/12 4.11 
 []


Overfull \hbox (3.26308pt too wide) detected at line 12
\T1/cmr/m/n/12 4.12 
 []


Overfull \hbox (3.26308pt too wide) detected at line 13
\T1/cmr/m/n/12 4.13 
 []


Overfull \hbox (3.26308pt too wide) detected at line 14
\T1/cmr/m/n/12 4.14 
 []


Overfull \hbox (3.26308pt too wide) detected at line 15
\T1/cmr/m/n/12 4.15 
 []


Overfull \hbox (3.26308pt too wide) detected at line 16
\T1/cmr/m/n/12 4.16 
 []


Overfull \hbox (3.26308pt too wide) detected at line 17
\T1/cmr/m/n/12 4.17 
 []


Overfull \hbox (3.26308pt too wide) detected at line 18
\T1/cmr/m/n/12 4.18 
 []


Overfull \hbox (3.26308pt too wide) detected at line 19
\T1/cmr/m/n/12 4.19 
 []


Overfull \hbox (3.26308pt too wide) detected at line 20
\T1/cmr/m/n/12 4.20 
 []


Overfull \hbox (3.26308pt too wide) detected at line 21
\T1/cmr/m/n/12 4.21 
 []


Overfull \hbox (3.26308pt too wide) detected at line 22
\T1/cmr/m/n/12 4.22 
 []


Overfull \hbox (3.26308pt too wide) detected at line 23
\T1/cmr/m/n/12 4.23 
 []


Overfull \hbox (3.26308pt too wide) detected at line 24
\T1/cmr/m/n/12 4.24 
 []

)
\tf@equ=\write5
\openout5 = `final_project.equ'.

 [31


] (/Users/sarlot/Desktop/Programming/GitHub/PulleySimulation/Presentation/final_project.bbl
LaTeX Font Info:    Trying to load font information for T1+cmtt on input line 13.
 (/usr/local/texlive/2021/texmf-dist/tex/latex/base/t1cmtt.fd
File: t1cmtt.fd 2019/12/16 v2.5j Standard LaTeX font definitions
)
Underfull \hbox (badness 10000) in paragraph at lines 16--18
\T1/cmr/m/n/12 URL []$\T1/cmtt/m/n/12 https : / / www . petzl . com / US / en / Professional /
 []


Underfull \hbox (badness 10000) in paragraph at lines 16--18
\T1/cmtt/m/n/12 How-[]to-[]calculate-[]mechanical-[]advantage ? ActivityName =
 []


Underfull \hbox (badness 10000) in paragraph at lines 24--26
\T1/cmr/m/n/12 URL []$\T1/cmtt/m/n/12 https : / / www . stockalpine . com / posts /
 []

) [32

] (/Users/sarlot/Desktop/Programming/GitHub/PulleySimulation/Presentation/final_project.aux (/Users/sarlot/Desktop/Programming/GitHub/PulleySimulation/Presentation/Chapters/chapter_introduction.aux) (/Users/sarlot/Desktop/Programming/GitHub/PulleySimulation/Presentation/Chapters/chapter_materials.aux) (/Users/sarlot/Desktop/Programming/GitHub/PulleySimulation/Presentation/Chapters/chapter_pulley_system.aux) (/Users/sarlot/Desktop/Programming/GitHub/PulleySimulation/Presentation/Chapters/chapter_pulley_system_2.aux) (/Users/sarlot/Desktop/Programming/GitHub/PulleySimulation/Presentation/Chapters/chapter_web_application.aux) (/Users/sarlot/Desktop/Programming/GitHub/PulleySimulation/Presentation/Chapters/chapter_effort_calculation.aux) (/Users/sarlot/Desktop/Programming/GitHub/PulleySimulation/Presentation/Chapters/chapter_summary.aux) (/Users/sarlot/Desktop/Programming/GitHub/PulleySimulation/Presentation/Chapters/chapter_conclusion.aux))
Package rerunfilecheck Info: File `final_project.out' has not changed.
(rerunfilecheck)             Checksum: 7CB0D2932A7D88E921F7E41902378BF5;5590.
 ) 
Here is how much of TeX's memory you used:
 15493 strings out of 478994
 246912 string characters out of 5858184
 574668 words of memory out of 5000000
 32503 multiletter control sequences out of 15000+600000
 414713 words of font info for 48 fonts, out of 8000000 for 9000
 1141 hyphenation exceptions out of 8191
 86i,12n,88p,1343b,527s stack positions out of 5000i,500n,10000p,200000b,80000s
{/usr/local/texlive/2021/texmf-dist/fonts/enc/dvips/cm-super/cm-super-t1.enc}</usr/local/texlive/2021/texmf-dist/fonts/type1/public/amsfonts/cm/cmmi12.pfb></usr/local/texlive/2021/texmf-dist/fonts/type1/public/amsfonts/cm/cmmi8.pfb></usr/local/texlive/2021/texmf-dist/fonts/type1/public/amsfonts/cm/cmr12.pfb></usr/local/texlive/2021/texmf-dist/fonts/type1/public/amsfonts/cm/cmr6.pfb></usr/local/texlive/2021/texmf-dist/fonts/type1/public/amsfonts/cm/cmr8.pfb></usr/local/texlive/2021/texmf-dist/fonts/type1/public/amsfonts/cm/cmsy10.pfb></usr/local/texlive/2021/texmf-dist/fonts/type1/public/amsfonts/cm/cmsy8.pfb></usr/local/texlive/2021/texmf-dist/fonts/type1/public/cm-super/sfbi1000.pfb></usr/local/texlive/2021/texmf-dist/fonts/type1/public/cm-super/sfbx1200.pfb></usr/local/texlive/2021/texmf-dist/fonts/type1/public/cm-super/sfbx1440.pfb></usr/local/texlive/2021/texmf-dist/fonts/type1/public/cm-super/sfrm1200.pfb></usr/local/texlive/2021/texmf-dist/fonts/type1/public/cm-super/sfrm1728.pfb></usr/local/texlive/2021/texmf-dist/fonts/type1/public/cm-super/sfrm2074.pfb></usr/local/texlive/2021/texmf-dist/fonts/type1/public/cm-super/sfrm3583.pfb></usr/local/texlive/2021/texmf-dist/fonts/type1/public/cm-super/sfti1000.pfb></usr/local/texlive/2021/texmf-dist/fonts/type1/public/cm-super/sfti1200.pfb></usr/local/texlive/2021/texmf-dist/fonts/type1/public/cm-super/sftt1200.pfb>
Output written on /Users/sarlot/Desktop/Programming/GitHub/PulleySimulation/Presentation/final_project.pdf (32 pages, 2370007 bytes).
PDF statistics:
 1070 PDF objects out of 1200 (max. 8388607)
 760 compressed objects within 8 object streams
 120 named destinations out of 1000 (max. 500000)
 458 words of extra memory for PDF output out of 10000 (max. 10000000)

