\BOOKMARK [0][-]{chapter*.2}{\376\377\000\332\000v\000o\000d}{}% 1
\BOOKMARK [0][-]{chapter.1}{\376\377\000P\000o\000t\001\131\000e\000b\000n\000\375\000\040\000m\000a\000t\000e\000r\000i\000\341\000l\000\040\000p\000r\000o\000\040\000p\000r\000o\000v\000e\000d\000e\000n\000\355\000\040\000z\000\341\000c\000h\000r\000a\000n\000y}{}% 2
\BOOKMARK [0][-]{chapter.2}{\376\377\000M\000o\001\176\000n\000\351\000\040\000z\000p\001\157\000s\000o\000b\000y\000\040\000z\000\341\000c\000h\000r\000a\000n\000y}{}% 3
\BOOKMARK [1][-]{section.2.1}{\376\377\000K\000l\000a\000d\000k\000o\000v\000\375\000\040\000e\000f\000e\000k\000t}{chapter.2}% 4
\BOOKMARK [1][-]{section.2.2}{\376\377\000K\000l\000a\000d\000k\000o\000s\000t\000r\000o\000j\000e}{chapter.2}% 5
\BOOKMARK [2][-]{subsection.2.2.1}{\376\377\000S\000y\000s\000t\000\351\000m\000\040\0001\000:\0001}{section.2.2}% 6
\BOOKMARK [2][-]{subsection.2.2.2}{\376\377\000S\000y\000s\000t\000\351\000m\000\040\0002\000:\0001}{section.2.2}% 7
\BOOKMARK [2][-]{subsection.2.2.3}{\376\377\000S\000y\000s\000t\000\351\000m\000\040\0003\000:\0001}{section.2.2}% 8
\BOOKMARK [2][-]{subsection.2.2.4}{\376\377\000S\000y\000s\000t\000\351\000m\000\040\0004\000:\0001}{section.2.2}% 9
\BOOKMARK [2][-]{subsection.2.2.5}{\376\377\000S\000y\000s\000t\000\351\000m\000\040\0005\000:\0001}{section.2.2}% 10
\BOOKMARK [2][-]{subsection.2.2.6}{\376\377\000S\000y\000s\000t\000\351\000m\000\040\0007\000:\0001}{section.2.2}% 11
\BOOKMARK [1][-]{section.2.3}{\376\377\000P\000o\000p\000i\000s\000\040\000k\000l\000a\000d\000k\000o\000s\000t\000r\000o\000j\001\157}{chapter.2}% 12
\BOOKMARK [2][-]{subsection.2.3.1}{\376\377\000S\000y\000s\000t\000\351\000m\000\040\000v\000o\000l\000n\000\351\000\040\000k\000l\000a\000d\000k\000y\000\040\000"\000L\000o\000s\000e\000r\000o\000l\000l\000e\000"}{section.2.3}% 13
\BOOKMARK [2][-]{subsection.2.3.2}{\376\377\000S\000y\000s\000t\000\351\000m\000\040\000v\000y\000t\000a\001\176\000e\000n\000\355\000\040\000p\000r\000o\000t\000i\000v\000\341\000h\000o\000u\000\040\000"\000S\000t\000r\000a\000u\000s\000"}{section.2.3}% 14
\BOOKMARK [2][-]{subsection.2.3.3}{\376\377\000E\000x\000p\000r\000e\000s\000f\000l\000a\000s\000c\000h\000e\000n\000z\000u\000g}{section.2.3}% 15
\BOOKMARK [2][-]{subsection.2.3.4}{\376\377\000S\000e\000i\000r\000o\000l\000l\000f\000l\000a\000s\000c\000h\000e\000n\000z\000u\000g}{section.2.3}% 16
\BOOKMARK [2][-]{subsection.2.3.5}{\376\377\000F\000l\000a\000s\000c\000h\000e\000n\000z\000u\000g}{section.2.3}% 17
\BOOKMARK [2][-]{subsection.2.3.6}{\376\377\000K\000l\000a\000d\000k\000o\000s\000t\000r\000o\000j\000\040\0007\000:\0001}{section.2.3}% 18
\BOOKMARK [0][-]{chapter.3}{\376\377\000W\000e\000b\000o\000v\000\341\000\040\000a\000p\000l\000i\000k\000a\000c\000e\000\040\000-\000\040\000P\000u\000l\000l\000e\000y\000\040\000s\000y\000s\000t\000e\000m\000s\000\040\000s\000i\000m\000u\000l\000a\000t\000i\000o\000n}{}% 19
\BOOKMARK [1][-]{section.3.1}{\376\377\000P\001\131\000e\000d\000s\000t\000a\000v\000e\000n\000\355\000\040\000a\000p\000l\000i\000k\000a\000c\000e}{chapter.3}% 20
\BOOKMARK [0][-]{chapter.4}{\376\377\000V\000\375\000p\000o\001\015\000t\000y}{}% 21
\BOOKMARK [1][-]{section.4.1}{\376\377\000V\000\375\000p\000o\001\015\000e\000t\000\040\000s\000\355\000l\000y\000\040\000p\000o\000t\001\131\000e\000b\000n\000\351\000\040\000k\000\040\000v\000y\000t\000a\001\176\000e\000n\000\355\000\040\000z\000a\000c\000h\000r\000a\001\110\000o\000v\000a\000n\000\351\000h\000o\000\040\000l\000e\000z\000c\000e}{chapter.4}% 22
\BOOKMARK [2][-]{subsection.4.1.1}{\376\377\000I\000d\000e\000\341\000l\000n\000\355\000\040\000k\000l\000a\000d\000k\000o\000s\000t\000r\000o\000j}{section.4.1}% 23
\BOOKMARK [2][-]{subsection.4.1.2}{\376\377\000K\000l\000a\000d\000k\000o\000s\000t\000r\000o\000j\000\040\0003\000:\0001}{section.4.1}% 24
\BOOKMARK [2][-]{subsection.4.1.3}{\376\377\000K\000l\000a\000d\000k\000o\000s\000t\000r\000o\000j\000\040\0005\000:\0001}{section.4.1}% 25
\BOOKMARK [2][-]{subsection.4.1.4}{\376\377\000K\000l\000a\000d\000k\000o\000s\000t\000r\000o\000j\000\040\0007\000:\0001}{section.4.1}% 26
\BOOKMARK [1][-]{section.4.2}{\376\377\000V\000\375\000p\000o\001\015\000e\000t\000\040\000v\000y\000t\000a\001\176\000e\000n\000\351\000\040\000d\000\351\000l\000k\000y\000\040\000l\000a\000n\000a\000\040\000k\000\040\000z\000a\000c\000h\000r\000\341\000n\001\033\000n\000\355\000\040\000l\000e\000z\000c\000e\000\040\000o\000\040\000p\000o\001\176\000a\000d\000o\000v\000a\000n\000o\000u\000\040\000v\000z\000d\000\341\000l\000e\000n\000o\000s\000t}{chapter.4}% 27
\BOOKMARK [0][-]{chapter.5}{\376\377\000P\001\131\000\355\000k\000l\000a\000d\000y\000\040\000\372\001\015\000i\000n\000n\000o\000s\000t\000\355\000\040\000k\000l\000a\000d\000k\000o\000s\000t\000r\000o\000j\000e}{}% 28
\BOOKMARK [1][-]{section.5.1}{\376\377\000K\000l\000a\000d\000k\000o\000s\000t\000r\000o\000j\000\040\0003\000:\0001}{chapter.5}% 29
\BOOKMARK [1][-]{section.5.2}{\376\377\000K\000l\000a\000d\000k\000o\000s\000t\000r\000o\000j\000\040\0005\000:\0001}{chapter.5}% 30
\BOOKMARK [1][-]{section.5.3}{\376\377\000K\000l\000a\000d\000k\000o\000s\000t\000r\000o\000j\000\040\0007\000:\0001}{chapter.5}% 31
\BOOKMARK [0][-]{chapter*.27}{\376\377\000Z\000\341\000v\001\033\000r}{}% 32
\BOOKMARK [0][-]{chapter*.27}{\376\377\000S\000e\000z\000n\000a\000m\000\040\000r\000o\000v\000n\000i\000c}{}% 33
\BOOKMARK [0][-]{chapter*.28}{\376\377\000S\000e\000z\000n\000a\000m\000\040\000p\000o\000u\001\176\000i\000t\000\351\000\040\000l\000i\000t\000e\000r\000a\000t\000u\000r\000y}{}% 34
