\BOOKMARK [0][-]{chapter*.2}{\376\377\000\332\000v\000o\000d}{}% 1
\BOOKMARK [0][-]{chapter.1}{\376\377\000Z\000\341\000k\000l\000a\000d\000n\000\355\000\040\000\372\000d\000a\000j\000e\000\040\000o\000\040\000p\000o\000h\000o\001\131\000\355}{}% 2
\BOOKMARK [1][-]{section.1.1}{\376\377\000M\000o\000n\000t\000b\000l\000a\000n\000s\000k\000\375\000\040\000m\000a\000s\000i\000v}{chapter.1}% 3
\BOOKMARK [1][-]{section.1.2}{\376\377\000H\000i\000s\000t\000o\000r\000i\000e\000\040\000v\000z\000n\000i\000k\000u\000\040\000a\000\040\000g\000e\000o\000l\000o\000g\000i\000e}{chapter.1}% 4
\BOOKMARK [1][-]{section.1.3}{\376\377\000L\000e\000d\000o\000v\000c\000e}{chapter.1}% 5
\BOOKMARK [1][-]{section.1.4}{\376\377\000K\000l\000i\000m\000a}{chapter.1}% 6
\BOOKMARK [1][-]{section.1.5}{\376\377\000O\000c\000h\000r\000a\000n\000a\000\040\000\372\000z\000e\000m\000\355}{chapter.1}% 7
\BOOKMARK [1][-]{section.1.6}{\376\377\000N\000e\000j\000v\000y\001\141\001\141\000\355\000\040\000v\000r\000c\000h\000o\000l\000y}{chapter.1}% 8
\BOOKMARK [1][-]{section.1.7}{\376\377\000H\000i\000s\000t\000o\000r\000i\000e\000\040\000T\000M\000B}{chapter.1}% 9
\BOOKMARK [0][-]{chapter.2}{\376\377\000D\000e\000n\000n\000\355\000\040\000p\000r\000o\000g\000r\000a\000m\000\040\000p\001\131\000e\000c\000h\000o\000d\000u}{}% 10
\BOOKMARK [1][-]{section.2.1}{\376\377\000E\000t\000a\000p\000a\000\040\0001}{chapter.2}% 11
\BOOKMARK [1][-]{section.2.2}{\376\377\000E\000t\000a\000p\000a\000\040\0002}{chapter.2}% 12
\BOOKMARK [1][-]{section.2.3}{\376\377\000E\000t\000a\000p\000a\000\040\0003}{chapter.2}% 13
\BOOKMARK [1][-]{section.2.4}{\376\377\000E\000t\000a\000p\000a\000\040\0004}{chapter.2}% 14
\BOOKMARK [1][-]{section.2.5}{\376\377\000E\000t\000a\000p\000a\000\040\0005}{chapter.2}% 15
\BOOKMARK [1][-]{section.2.6}{\376\377\000E\000t\000a\000p\000a\000\040\0006}{chapter.2}% 16
\BOOKMARK [1][-]{section.2.7}{\376\377\000E\000t\000a\000p\000a\000\040\0007}{chapter.2}% 17
\BOOKMARK [1][-]{section.2.8}{\376\377\000E\000t\000a\000p\000a\000\040\0008}{chapter.2}% 18
\BOOKMARK [1][-]{section.2.9}{\376\377\000E\000t\000a\000p\000a\000\040\0009}{chapter.2}% 19
\BOOKMARK [1][-]{section.2.10}{\376\377\000E\000t\000a\000p\000a\000\040\0001\0000}{chapter.2}% 20
\BOOKMARK [1][-]{section.2.11}{\376\377\000E\000t\000a\000p\000a\000\040\0001\0001}{chapter.2}% 21
\BOOKMARK [1][-]{section.2.12}{\376\377\000C\000e\000l\000k\000o\000v\000\341\000\040\000t\000r\000a\000s\000a}{chapter.2}% 22
\BOOKMARK [0][-]{chapter.3}{\376\377\000S\000e\000z\000n\000a\000m\000\040\000p\000o\000t\001\131\000e\000b\000n\000\375\000c\000h\000\040\000v\001\033\000c\000\355}{}% 23
\BOOKMARK [0][-]{chapter.4}{\376\377\000R\000o\000z\000p\000o\001\015\000e\000t\000\040\000a\000k\000c\000e}{}% 24
\BOOKMARK [0][-]{chapter*.16}{\376\377\000Z\000\341\000v\001\033\000r}{}% 25
